[=== Module python/3.9 loaded ===]
/home/mila/y/yuyan.chen/mothenv/lib/python3.10/site-packages/torchaudio/functional/functional.py:584: UserWarning: At least one mel filterbank has all zero values. The value for `n_mels` (128) may be set too high. Or, the value for `n_freqs` (257) may be set too low.
  warnings.warn(
wandb: Currently logged in as: yuyan-chen2 (mila-org-test). Use `wandb login --relogin` to force relogin
wandb: wandb version 0.17.4 is available!  To upgrade, please run:
wandb:  $ pip install wandb --upgrade
wandb: Tracking run with wandb version 0.17.1
wandb: Run data is saved locally in /home/mila/y/yuyan.chen/projects/anuraset/wandb/run-20240714_135630-xr152s8x
wandb: Run `wandb offline` to turn off syncing.
wandb: Syncing run resnet18_INCT20955_baseline_5045693
wandb: ⭐️ View project at https://wandb.ai/mila-org-test/anuraset
wandb: 🚀 View run at https://wandb.ai/mila-org-test/anuraset/runs/xr152s8x
Using config "/home/mila/y/yuyan.chen/projects/anuraset/baseline/configs/exp_resnet18.yaml"
Using device cuda
There are 18111 samples in the training set.
There are 9147 samples in the test set.
Starting new model
Starting training
[01/30][00000/00565]  ETA: 1:00:27 -  loss: 0.7237 -  f1 macro: 26.49%
[01/30][00100/00565]  ETA: 0:01:04 -  loss: 1.1162 -  f1 macro: 12.48%
[01/30][00200/00565]  ETA: 0:00:39 -  loss: 0.7414 -  f1 macro: 13.19%
[01/30][00300/00565]  ETA: 0:00:25 -  loss: 0.6045 -  f1 macro: 14.54%
[01/30][00400/00565]  ETA: 0:00:15 -  loss: 0.5312 -  f1 macro: 16.72%
[01/30][00500/00565]  ETA: 0:00:05 -  loss: 0.4777 -  f1 macro: 19.60%
Epoch 01/30 - train_loss: 0.4512 - train_macro-f1: 0.2131 - val_loss: 0.2401 - val_macro-f1: 0.3629
[02/30][00000/00565]  ETA: 0:07:41 -  loss: 0.3489 -  f1 macro: 36.45%
[02/30][00100/00565]  ETA: 0:00:39 -  loss: 0.2402 -  f1 macro: 36.03%
[02/30][00200/00565]  ETA: 0:00:32 -  loss: 0.2336 -  f1 macro: 37.54%
[02/30][00300/00565]  ETA: 0:00:22 -  loss: 0.2262 -  f1 macro: 38.81%
[02/30][00400/00565]  ETA: 0:00:14 -  loss: 0.2180 -  f1 macro: 39.87%
[02/30][00500/00565]  ETA: 0:00:05 -  loss: 0.2107 -  f1 macro: 40.99%
Epoch 02/30 - train_loss: 0.2078 - train_macro-f1: 0.4186 - val_loss: 2.9799 - val_macro-f1: 0.3425
[03/30][00000/00565]  ETA: 0:07:23 -  loss: 0.1954 -  f1 macro: 44.85%
[03/30][00100/00565]  ETA: 0:00:38 -  loss: 0.1876 -  f1 macro: 46.66%
[03/30][00200/00565]  ETA: 0:00:54 -  loss: 0.1784 -  f1 macro: 49.24%
[03/30][00300/00565]  ETA: 0:00:33 -  loss: 0.1774 -  f1 macro: 50.37%
[03/30][00400/00565]  ETA: 0:00:18 -  loss: 0.1756 -  f1 macro: 50.71%
[03/30][00500/00565]  ETA: 0:00:06 -  loss: 0.1694 -  f1 macro: 51.47%
Epoch 03/30 - train_loss: 0.1667 - train_macro-f1: 0.5202 - val_loss: 0.1969 - val_macro-f1: 0.5275
[04/30][00000/00565]  ETA: 0:07:10 -  loss: 0.1211 -  f1 macro: 65.94%
[04/30][00100/00565]  ETA: 0:00:38 -  loss: 0.1410 -  f1 macro: 57.67%
[04/30][00200/00565]  ETA: 0:00:29 -  loss: 0.1415 -  f1 macro: 58.44%
[04/30][00300/00565]  ETA: 0:00:20 -  loss: 0.1397 -  f1 macro: 58.98%
[04/30][00400/00565]  ETA: 0:00:12 -  loss: 0.1367 -  f1 macro: 59.09%
[04/30][00500/00565]  ETA: 0:00:05 -  loss: 0.1342 -  f1 macro: 59.21%
Epoch 04/30 - train_loss: 0.1328 - train_macro-f1: 0.5954 - val_loss: 0.1907 - val_macro-f1: 0.5190
[05/30][00000/00565]  ETA: 0:07:57 -  loss: 0.0707 -  f1 macro: 65.34%
[05/30][00100/00565]  ETA: 0:00:39 -  loss: 0.1179 -  f1 macro: 62.92%
[05/30][00200/00565]  ETA: 0:00:29 -  loss: 0.1139 -  f1 macro: 63.20%
[05/30][00300/00565]  ETA: 0:00:21 -  loss: 0.1153 -  f1 macro: 62.79%
[05/30][00400/00565]  ETA: 0:00:12 -  loss: 0.1126 -  f1 macro: 63.15%
[05/30][00500/00565]  ETA: 0:00:05 -  loss: 0.1130 -  f1 macro: 63.53%
Epoch 05/30 - train_loss: 0.1127 - train_macro-f1: 0.6335 - val_loss: 0.2062 - val_macro-f1: 0.5442
[06/30][00000/00565]  ETA: 0:07:09 -  loss: 0.1183 -  f1 macro: 53.54%
[06/30][00100/00565]  ETA: 0:00:38 -  loss: 0.1044 -  f1 macro: 64.58%
[06/30][00200/00565]  ETA: 0:00:29 -  loss: 0.1021 -  f1 macro: 65.62%
[06/30][00300/00565]  ETA: 0:00:20 -  loss: 0.1022 -  f1 macro: 65.70%
[06/30][00400/00565]  ETA: 0:00:12 -  loss: 0.1011 -  f1 macro: 65.54%
[06/30][00500/00565]  ETA: 0:00:05 -  loss: 0.0992 -  f1 macro: 65.67%
Epoch 06/30 - train_loss: 0.0978 - train_macro-f1: 0.6588 - val_loss: 0.2150 - val_macro-f1: 0.5517
[07/30][00000/00565]  ETA: 0:06:43 -  loss: 0.0852 -  f1 macro: 62.88%
[07/30][00100/00565]  ETA: 0:00:38 -  loss: 0.0914 -  f1 macro: 68.54%
[07/30][00200/00565]  ETA: 0:00:29 -  loss: 0.0900 -  f1 macro: 68.05%
[07/30][00300/00565]  ETA: 0:00:20 -  loss: 0.0895 -  f1 macro: 68.18%
[07/30][00400/00565]  ETA: 0:00:12 -  loss: 0.0898 -  f1 macro: 68.05%
[07/30][00500/00565]  ETA: 0:00:05 -  loss: 0.0892 -  f1 macro: 68.41%
Epoch 07/30 - train_loss: 0.0882 - train_macro-f1: 0.6852 - val_loss: 0.2208 - val_macro-f1: 0.5604
[08/30][00000/00565]  ETA: 0:07:49 -  loss: 0.0880 -  f1 macro: 52.66%
[08/30][00100/00565]  ETA: 0:00:39 -  loss: 0.0842 -  f1 macro: 68.43%
[08/30][00200/00565]  ETA: 0:00:29 -  loss: 0.1042 -  f1 macro: 64.95%
[08/30][00300/00565]  ETA: 0:00:21 -  loss: 0.1082 -  f1 macro: 64.60%
[08/30][00400/00565]  ETA: 0:00:13 -  loss: 0.1056 -  f1 macro: 65.00%
[08/30][00500/00565]  ETA: 0:00:05 -  loss: 0.1030 -  f1 macro: 65.29%
Epoch 08/30 - train_loss: 0.1016 - train_macro-f1: 0.6557 - val_loss: 0.1911 - val_macro-f1: 0.5806
[09/30][00000/00565]  ETA: 0:07:15 -  loss: 0.0582 -  f1 macro: 78.69%
[09/30][00100/00565]  ETA: 0:00:38 -  loss: 0.0838 -  f1 macro: 70.63%
[09/30][00200/00565]  ETA: 0:00:29 -  loss: 0.0822 -  f1 macro: 69.68%
[09/30][00300/00565]  ETA: 0:00:20 -  loss: 0.0814 -  f1 macro: 69.40%
[09/30][00400/00565]  ETA: 0:00:12 -  loss: 0.0811 -  f1 macro: 69.57%
[09/30][00500/00565]  ETA: 0:00:05 -  loss: 0.0800 -  f1 macro: 69.56%
Epoch 09/30 - train_loss: 0.0799 - train_macro-f1: 0.6956 - val_loss: 0.2013 - val_macro-f1: 0.5786
[10/30][00000/00565]  ETA: 0:07:29 -  loss: 0.0727 -  f1 macro: 75.52%
[10/30][00100/00565]  ETA: 0:00:38 -  loss: 0.0765 -  f1 macro: 70.30%
[10/30][00200/00565]  ETA: 0:00:29 -  loss: 0.0740 -  f1 macro: 70.34%
[10/30][00300/00565]  ETA: 0:00:20 -  loss: 0.0737 -  f1 macro: 70.05%
[10/30][00400/00565]  ETA: 0:00:12 -  loss: 0.0736 -  f1 macro: 70.24%
[10/30][00500/00565]  ETA: 0:00:05 -  loss: 0.0743 -  f1 macro: 70.48%
Epoch 10/30 - train_loss: 0.0744 - train_macro-f1: 0.7050 - val_loss: 0.2045 - val_macro-f1: 0.5912
[11/30][00000/00565]  ETA: 0:08:08 -  loss: 0.0531 -  f1 macro: 69.09%
[11/30][00100/00565]  ETA: 0:00:39 -  loss: 0.0690 -  f1 macro: 72.43%
[11/30][00200/00565]  ETA: 0:00:29 -  loss: 0.0714 -  f1 macro: 71.87%
[11/30][00300/00565]  ETA: 0:00:21 -  loss: 0.0714 -  f1 macro: 71.62%
[11/30][00400/00565]  ETA: 0:00:12 -  loss: 0.0714 -  f1 macro: 71.29%
[11/30][00500/00565]  ETA: 0:00:05 -  loss: 0.0711 -  f1 macro: 71.60%
Epoch 11/30 - train_loss: 0.0704 - train_macro-f1: 0.7141 - val_loss: 0.2117 - val_macro-f1: 0.5889
[12/30][00000/00565]  ETA: 0:07:32 -  loss: 0.0468 -  f1 macro: 79.12%
[12/30][00100/00565]  ETA: 0:00:38 -  loss: 0.0661 -  f1 macro: 71.39%
[12/30][00200/00565]  ETA: 0:00:29 -  loss: 0.0662 -  f1 macro: 71.30%
[12/30][00300/00565]  ETA: 0:00:20 -  loss: 0.0663 -  f1 macro: 71.55%
[12/30][00400/00565]  ETA: 0:00:12 -  loss: 0.0675 -  f1 macro: 71.42%
[12/30][00500/00565]  ETA: 0:00:05 -  loss: 0.0679 -  f1 macro: 71.84%
Epoch 12/30 - train_loss: 0.0674 - train_macro-f1: 0.7203 - val_loss: 0.2176 - val_macro-f1: 0.5811
[13/30][00000/00565]  ETA: 0:07:08 -  loss: 0.0502 -  f1 macro: 76.48%
[13/30][00100/00565]  ETA: 0:00:38 -  loss: 0.0653 -  f1 macro: 72.36%
[13/30][00200/00565]  ETA: 0:00:29 -  loss: 0.0643 -  f1 macro: 72.78%
[13/30][00300/00565]  ETA: 0:00:20 -  loss: 0.0643 -  f1 macro: 72.18%
[13/30][00400/00565]  ETA: 0:00:12 -  loss: 0.0711 -  f1 macro: 71.21%
[13/30][00500/00565]  ETA: 0:00:05 -  loss: 0.0708 -  f1 macro: 71.50%
Epoch 13/30 - train_loss: 0.0709 - train_macro-f1: 0.7160 - val_loss: 0.1978 - val_macro-f1: 0.6093
[14/30][00000/00565]  ETA: 0:07:08 -  loss: 0.0539 -  f1 macro: 70.26%
[14/30][00100/00565]  ETA: 0:00:38 -  loss: 0.0662 -  f1 macro: 72.62%
[14/30][00200/00565]  ETA: 0:00:29 -  loss: 0.0643 -  f1 macro: 72.26%
[14/30][00300/00565]  ETA: 0:00:20 -  loss: 0.0648 -  f1 macro: 72.41%
[14/30][00400/00565]  ETA: 0:00:12 -  loss: 0.0640 -  f1 macro: 72.55%
[14/30][00500/00565]  ETA: 0:00:05 -  loss: 0.0633 -  f1 macro: 72.43%
Epoch 14/30 - train_loss: 0.0630 - train_macro-f1: 0.7264 - val_loss: 0.2088 - val_macro-f1: 0.5765
[15/30][00000/00565]  ETA: 0:07:11 -  loss: 0.0823 -  f1 macro: 60.30%
[15/30][00100/00565]  ETA: 0:00:38 -  loss: 0.0565 -  f1 macro: 74.78%
[15/30][00200/00565]  ETA: 0:00:29 -  loss: 0.0573 -  f1 macro: 74.09%
[15/30][00300/00565]  ETA: 0:00:20 -  loss: 0.0576 -  f1 macro: 74.04%
[15/30][00400/00565]  ETA: 0:00:12 -  loss: 0.0575 -  f1 macro: 73.96%
[15/30][00500/00565]  ETA: 0:00:05 -  loss: 0.0597 -  f1 macro: 73.64%
Epoch 15/30 - train_loss: 0.0601 - train_macro-f1: 0.7332 - val_loss: 0.3231 - val_macro-f1: 0.5958
[16/30][00000/00565]  ETA: 0:08:09 -  loss: 0.0477 -  f1 macro: 59.47%
[16/30][00100/00565]  ETA: 0:00:39 -  loss: 0.0610 -  f1 macro: 71.32%
[16/30][00200/00565]  ETA: 0:00:29 -  loss: 0.0587 -  f1 macro: 73.43%
[16/30][00300/00565]  ETA: 0:00:21 -  loss: 0.0569 -  f1 macro: 73.97%
[16/30][00400/00565]  ETA: 0:00:13 -  loss: 0.0565 -  f1 macro: 74.04%
[16/30][00500/00565]  ETA: 0:00:05 -  loss: 0.0571 -  f1 macro: 73.80%
Epoch 16/30 - train_loss: 0.0567 - train_macro-f1: 0.7360 - val_loss: 0.2318 - val_macro-f1: 0.5992
[17/30][00000/00565]  ETA: 0:06:34 -  loss: 0.0685 -  f1 macro: 56.28%
[17/30][00100/00565]  ETA: 0:00:38 -  loss: 0.0526 -  f1 macro: 73.43%
